2025-05-23 10: 06: 11 - INFO : PID - 37980 Job scheduled task 032 took 0:00:33 seconds. Normal duration
2025-05-23 10: 06: 11 - INFO : PID - 57672 Job scheduled task 796 took 0:00:07 seconds. Normal duration
2025-05-23 10: 06: 11 - INFO : PID - 10515 Job scheduled task 386 took 0:01:51 seconds. Normal duration
2025-05-23 10: 06: 11 - INFO : PID - 23118 Job scheduled task 188 took 0:00:39 seconds. Normal duration
2025-05-23 10: 06: 11 - INFO : PID - 60134 Job background job ulp took 0:00:44 seconds. Normal duration
2025-05-23 10: 06: 11 - INFO : PID - 90962 Job scheduled task 996 took 0:01:55 seconds. Normal duration
2025-05-23 10: 06: 11 - INFO : PID - 90812 Job background job dej took 0:04:06 seconds. Normal duration
2025-05-23 10: 06: 11 - INFO : PID - 75164 Job scheduled task 173 took 0:01:04 seconds. Normal duration
2025-05-23 10: 06: 11 - INFO : PID - 36709 Job background job djw took 0:00:50 seconds. Normal duration
2025-05-23 10: 06: 11 - INFO : PID - 26831 Job scheduled task 538 took 0:02:12 seconds. Normal duration
2025-05-23 10: 06: 11 - INFO : PID - 47139 Job scheduled task 946 took 0:03:26 seconds. Normal duration
2025-05-23 10: 06: 11 - ERROR : PID - 39547 Job scheduled task 051 took 0:11:29 seconds.Higher than error Threashold!!
2025-05-23 10: 06: 11 - ERROR : PID - 45135 Job scheduled task 515 took 0:12:23 seconds.Higher than error Threashold!!
2025-05-23 10: 06: 11 - INFO : PID - 32904 Job scheduled task 697 took 0:00:34 seconds. Normal duration
2025-05-23 10: 06: 11 - WARNING : PID - 71766 Job scheduled task 074 took 0:05:47 seconds.Higher than warning Threashold!!
2025-05-23 10: 06: 11 - INFO : PID - 24799 Job scheduled task 536 took 0:00:07 seconds. Normal duration
2025-05-23 10: 06: 11 - ERROR : PID - 81258 Job background job wmy took 0:14:46 seconds.Higher than error Threashold!!
2025-05-23 10: 06: 11 - INFO : PID - 32674 Job scheduled task 626 took 0:01:26 seconds. Normal duration
2025-05-23 10: 06: 11 - INFO : PID - 38579 Job background job you took 0:03:33 seconds. Normal duration
2025-05-23 10: 06: 11 - WARNING : PID - 87228 Job scheduled task 268 took 0:09:28 seconds.Higher than warning Threashold!!
2025-05-23 10: 06: 11 - WARNING : PID - 50295 Job scheduled task 811 took 0:06:35 seconds.Higher than warning Threashold!!
2025-05-23 10: 06: 11 - INFO : PID - 55722 Job background job cmx took 0:00:47 seconds. Normal duration
2025-05-23 10: 06: 11 - INFO : PID - 33528 Job scheduled task 706 took 0:03:22 seconds. Normal duration
2025-05-23 10: 06: 11 - WARNING : PID - 27222 Job scheduled task 294 took 0:06:08 seconds.Higher than warning Threashold!!
2025-05-23 10: 06: 11 - INFO : PID - 64591 Job scheduled task 521 took 0:01:50 seconds. Normal duration
2025-05-23 10: 06: 11 - INFO : PID - 67833 Job scheduled task 080 took 0:03:35 seconds. Normal duration
2025-05-23 10: 06: 11 - WARNING : PID - 87570 Job scheduled task 794 took 0:07:53 seconds.Higher than warning Threashold!!
2025-05-23 10: 06: 11 - WARNING : PID - 99672 Job background job sqm took 0:05:13 seconds.Higher than warning Threashold!!
2025-05-23 10: 06: 11 - INFO : PID - 96183 Job scheduled task 678 took 0:04:14 seconds. Normal duration
2025-05-23 10: 06: 11 - INFO : PID - 16168 Job scheduled task 773 took 0:00:16 seconds. Normal duration
2025-05-23 10: 06: 11 - INFO : PID - 34189 Job scheduled task 920 took 0:03:19 seconds. Normal duration
2025-05-23 10: 06: 11 - WARNING : PID - 86716 Job background job xfg took 0:05:34 seconds.Higher than warning Threashold!!
2025-05-23 10: 06: 11 - ERROR : PID - 22003 Job scheduled task 004 took 0:11:13 seconds.Higher than error Threashold!!
2025-05-23 10: 06: 11 - ERROR : PID - 85742 Job scheduled task 064 took 0:12:17 seconds.Higher than error Threashold!!
2025-05-23 10: 06: 11 - INFO : PID - 81470 Job background job wiy took 0:01:03 seconds. Normal duration
2025-05-23 10: 06: 11 - WARNING : PID - 98746 Job scheduled task 746 took 0:07:17 seconds.Higher than warning Threashold!!
2025-05-23 10: 06: 11 - ERROR : PID - 39860 Job scheduled task 460 took 0:19:52 seconds.Higher than error Threashold!!
2025-05-23 10: 06: 11 - ERROR : PID - 52532 Job background job tqc took 0:13:53 seconds.Higher than error Threashold!!
2025-05-23 10: 06: 11 - INFO : PID - 62922 Job scheduled task 531 took 0:00:49 seconds. Normal duration
2025-05-23 10: 06: 11 - ERROR : PID - 62401 Job scheduled task 936 took 0:10:24 seconds.Higher than error Threashold!!
2025-05-23 10: 06: 11 - ERROR : PID - 23703 Job scheduled task 374 took 0:13:26 seconds.Higher than error Threashold!!
2025-05-23 10: 06: 11 - ERROR : PID - 70808 Job scheduled task 182 took 0:33:43 seconds.Higher than error Threashold!!
2025-05-23 10: 06: 11 - WARNING : PID - 24482 Job scheduled task 672 took 0:08:36 seconds.Higher than warning Threashold!!
